Build started 11/19/2018 10:34:57 AM.
     1>Project "H:\Ph.D\1st Semester\Algorithms\hw4\problem no 1\problem no 1\problem no 1.vcxproj" on node 2 (Build target(s)).
     1>ClCompile:
         C:\Program Files (x86)\Microsoft Visual Studio 12.0\VC\bin\CL.exe /c /ZI /nologo /W3 /WX- /sdl- /Od /Oy- /D WIN32 /D _DEBUG /D _CONSOLE /D _LIB /D _UNICODE /D UNICODE /Gm /EHsc /RTC1 /MDd /GS /fp:precise /Zc:wchar_t /Zc:forScope /Fo"Debug\\" /Fd"Debug\vc120.pdb" /Gd /TP /analyze- /errorReport:prompt AllPairLongestPath.cpp
         AllPairLongestPath.cpp
     1>h:\ph.d\1st semester\algorithms\hw4\problem no 1\problem no 1\allpairlongestpath.cpp(127): warning C4258: 'i' : definition from the for loop is ignored; the definition from the enclosing scope is used
                 h:\ph.d\1st semester\algorithms\hw4\problem no 1\problem no 1\allpairlongestpath.cpp(123) : definition of 'i' ignored
                 h:\ph.d\1st semester\algorithms\hw4\problem no 1\problem no 1\allpairlongestpath.cpp(121) : definition of 'i' used
     1>h:\ph.d\1st semester\algorithms\hw4\problem no 1\problem no 1\allpairlongestpath.cpp(131): warning C4258: 'i' : definition from the for loop is ignored; the definition from the enclosing scope is used
                 h:\ph.d\1st semester\algorithms\hw4\problem no 1\problem no 1\allpairlongestpath.cpp(123) : definition of 'i' ignored
                 h:\ph.d\1st semester\algorithms\hw4\problem no 1\problem no 1\allpairlongestpath.cpp(121) : definition of 'i' used
     1>h:\ph.d\1st semester\algorithms\hw4\problem no 1\problem no 1\allpairlongestpath.cpp(111): warning C4101: 'len' : unreferenced local variable
       Link:
         C:\Program Files (x86)\Microsoft Visual Studio 12.0\VC\bin\link.exe /ERRORREPORT:PROMPT /OUT:"H:\Ph.D\1st Semester\Algorithms\hw4\problem no 1\Debug\problem no 1.exe" /INCREMENTAL /NOLOGO kernel32.lib user32.lib gdi32.lib winspool.lib comdlg32.lib advapi32.lib shell32.lib ole32.lib oleaut32.lib uuid.lib odbc32.lib odbccp32.lib /MANIFEST /MANIFESTUAC:"level='asInvoker' uiAccess='false'" /manifest:embed /DEBUG /PDB:"H:\Ph.D\1st Semester\Algorithms\hw4\problem no 1\Debug\problem no 1.pdb" /SUBSYSTEM:CONSOLE /TLBID:1 /DYNAMICBASE /NXCOMPAT /IMPLIB:"H:\Ph.D\1st Semester\Algorithms\hw4\problem no 1\Debug\problem no 1.lib" /MACHINE:X86 Debug\AllPairLongestPath.obj
         Debug\DFS.obj
         Debug\DijkstraAllPairShortestPath.obj
         Debug\FloydAllPairShortestPaht.obj
         "Debug\problem no 1.obj"
         problem no 1.vcxproj -> H:\Ph.D\1st Semester\Algorithms\hw4\problem no 1\Debug\problem no 1.exe
     1>Done Building Project "H:\Ph.D\1st Semester\Algorithms\hw4\problem no 1\problem no 1\problem no 1.vcxproj" (Build target(s)).

Build succeeded.

Time Elapsed 00:00:01.23
