h:\ph.d\1st semester\algorithms\hw2\list-problem-no5\list-problem-no5\debug\vc120.pdb
h:\ph.d\1st semester\algorithms\hw2\list-problem-no5\list-problem-no5\debug\vc120.idb
h:\ph.d\1st semester\algorithms\hw2\list-problem-no5\list-problem-no5\debug\arraylist.obj
h:\ph.d\1st semester\algorithms\hw2\list-problem-no5\list-problem-no5\debug\linkedlist.obj
h:\ph.d\1st semester\algorithms\hw2\list-problem-no5\list-problem-no5\debug\list.obj
h:\ph.d\1st semester\algorithms\hw2\list-problem-no5\list-problem-no5\debug\list-main.obj
h:\ph.d\1st semester\algorithms\hw2\list-problem-no5\debug\list-problem-no5.pdb
h:\ph.d\1st semester\algorithms\hw2\list-problem-no5\list-problem-no5\debug\list-problem-no5.tlog\cl.command.1.tlog
h:\ph.d\1st semester\algorithms\hw2\list-problem-no5\list-problem-no5\debug\list-problem-no5.tlog\cl.read.1.tlog
h:\ph.d\1st semester\algorithms\hw2\list-problem-no5\list-problem-no5\debug\list-problem-no5.tlog\cl.write.1.tlog
h:\ph.d\1st semester\algorithms\hw2\list-problem-no5\list-problem-no5\debug\list-problem-no5.tlog\link-cvtres.read.1.tlog
h:\ph.d\1st semester\algorithms\hw2\list-problem-no5\list-problem-no5\debug\list-problem-no5.tlog\link-cvtres.write.1.tlog
h:\ph.d\1st semester\algorithms\hw2\list-problem-no5\list-problem-no5\debug\list-problem-no5.tlog\link-rc.read.1.tlog
h:\ph.d\1st semester\algorithms\hw2\list-problem-no5\list-problem-no5\debug\list-problem-no5.tlog\link-rc.write.1.tlog
h:\ph.d\1st semester\algorithms\hw2\list-problem-no5\list-problem-no5\debug\list-problem-no5.tlog\link.13564-cvtres.read.1.tlog
h:\ph.d\1st semester\algorithms\hw2\list-problem-no5\list-problem-no5\debug\list-problem-no5.tlog\link.13564-cvtres.write.1.tlog
h:\ph.d\1st semester\algorithms\hw2\list-problem-no5\list-problem-no5\debug\list-problem-no5.tlog\link.13564-rc.read.1.tlog
h:\ph.d\1st semester\algorithms\hw2\list-problem-no5\list-problem-no5\debug\list-problem-no5.tlog\link.13564-rc.write.1.tlog
h:\ph.d\1st semester\algorithms\hw2\list-problem-no5\list-problem-no5\debug\list-problem-no5.tlog\link.13564.read.1.tlog
h:\ph.d\1st semester\algorithms\hw2\list-problem-no5\list-problem-no5\debug\list-problem-no5.tlog\link.13564.write.1.tlog
h:\ph.d\1st semester\algorithms\hw2\list-problem-no5\list-problem-no5\debug\list-problem-no5.tlog\link.command.1.tlog
h:\ph.d\1st semester\algorithms\hw2\list-problem-no5\list-problem-no5\debug\list-problem-no5.tlog\link.read.1.tlog
h:\ph.d\1st semester\algorithms\hw2\list-problem-no5\list-problem-no5\debug\list-problem-no5.tlog\link.write.1.tlog
